0 info it worked if it ends with ok
1 verbose cli [ '/home/zakhov/.nvm/v0.10.0/bin/node',
1 verbose cli   '/home/zakhov/.nvm/v0.10.0/bin/npm',
1 verbose cli   'install',
1 verbose cli   'sqlite3',
1 verbose cli   '--save' ]
2 info using npm@1.2.14
3 info using node@v0.10.0
4 verbose read json /mnt/documents/Documents/Repositories/Github/ghost-zakhov/package.json
5 verbose read json /mnt/documents/Documents/Repositories/Github/ghost-zakhov/node_modules/bcryptjs/package.json
6 verbose read json /mnt/documents/Documents/Repositories/Github/ghost-zakhov/node_modules/bl/package.json
7 verbose read json /mnt/documents/Documents/Repositories/Github/ghost-zakhov/node_modules/bluebird/package.json
8 verbose read json /mnt/documents/Documents/Repositories/Github/ghost-zakhov/node_modules/body-parser/package.json
9 verbose read json /mnt/documents/Documents/Repositories/Github/ghost-zakhov/node_modules/bookshelf/package.json
10 verbose read json /mnt/documents/Documents/Repositories/Github/ghost-zakhov/node_modules/chalk/package.json
11 verbose read json /mnt/documents/Documents/Repositories/Github/ghost-zakhov/node_modules/cheerio/package.json
12 verbose read json /mnt/documents/Documents/Repositories/Github/ghost-zakhov/node_modules/commander/package.json
13 verbose read json /mnt/documents/Documents/Repositories/Github/ghost-zakhov/node_modules/compression/package.json
14 verbose read json /mnt/documents/Documents/Repositories/Github/ghost-zakhov/node_modules/concat-stream/package.json
15 verbose read json /mnt/documents/Documents/Repositories/Github/ghost-zakhov/node_modules/connect-slashes/package.json
16 verbose read json /mnt/documents/Documents/Repositories/Github/ghost-zakhov/node_modules/content-type/package.json
17 verbose read json /mnt/documents/Documents/Repositories/Github/ghost-zakhov/node_modules/cookie-session/package.json
18 verbose read json /mnt/documents/Documents/Repositories/Github/ghost-zakhov/node_modules/cors/package.json
19 verbose read json /mnt/documents/Documents/Repositories/Github/ghost-zakhov/node_modules/depd/package.json
20 verbose read json /mnt/documents/Documents/Repositories/Github/ghost-zakhov/node_modules/dom-serializer/package.json
21 verbose read json /mnt/documents/Documents/Repositories/Github/ghost-zakhov/node_modules/domelementtype/package.json
22 verbose read json /mnt/documents/Documents/Repositories/Github/ghost-zakhov/node_modules/domutils/package.json
23 verbose read json /mnt/documents/Documents/Repositories/Github/ghost-zakhov/node_modules/downsize/package.json
24 verbose read json /mnt/documents/Documents/Repositories/Github/ghost-zakhov/node_modules/express/package.json
25 verbose read json /mnt/documents/Documents/Repositories/Github/ghost-zakhov/node_modules/express-hbs/package.json
26 verbose read json /mnt/documents/Documents/Repositories/Github/ghost-zakhov/node_modules/extract-zip/package.json
27 verbose read json /mnt/documents/Documents/Repositories/Github/ghost-zakhov/node_modules/fs-extra/package.json
28 verbose read json /mnt/documents/Documents/Repositories/Github/ghost-zakhov/node_modules/ghost-gql/package.json
29 verbose read json /mnt/documents/Documents/Repositories/Github/ghost-zakhov/node_modules/glob/package.json
30 verbose read json /mnt/documents/Documents/Repositories/Github/ghost-zakhov/node_modules/graceful-fs/package.json
31 verbose read json /mnt/documents/Documents/Repositories/Github/ghost-zakhov/node_modules/html-to-text/package.json
32 verbose read json /mnt/documents/Documents/Repositories/Github/ghost-zakhov/node_modules/htmlparser2/package.json
33 verbose read json /mnt/documents/Documents/Repositories/Github/ghost-zakhov/node_modules/iconv-lite/package.json
34 verbose read json /mnt/documents/Documents/Repositories/Github/ghost-zakhov/node_modules/inherits/package.json
35 verbose read json /mnt/documents/Documents/Repositories/Github/ghost-zakhov/node_modules/ini/package.json
36 verbose read json /mnt/documents/Documents/Repositories/Github/ghost-zakhov/node_modules/intl/package.json
37 verbose read json /mnt/documents/Documents/Repositories/Github/ghost-zakhov/node_modules/intl-messageformat/package.json
38 verbose read json /mnt/documents/Documents/Repositories/Github/ghost-zakhov/node_modules/jsonpath/package.json
39 verbose read json /mnt/documents/Documents/Repositories/Github/ghost-zakhov/node_modules/knex/package.json
40 verbose read json /mnt/documents/Documents/Repositories/Github/ghost-zakhov/node_modules/lodash/package.json
41 verbose read json /mnt/documents/Documents/Repositories/Github/ghost-zakhov/node_modules/lodash.tostring/package.json
42 verbose read json /mnt/documents/Documents/Repositories/Github/ghost-zakhov/node_modules/mime-types/package.json
43 verbose read json /mnt/documents/Documents/Repositories/Github/ghost-zakhov/node_modules/moment/package.json
44 verbose read json /mnt/documents/Documents/Repositories/Github/ghost-zakhov/node_modules/morgan/package.json
45 verbose read json /mnt/documents/Documents/Repositories/Github/ghost-zakhov/node_modules/multer/package.json
46 verbose read json /mnt/documents/Documents/Repositories/Github/ghost-zakhov/node_modules/mysql/package.json
47 verbose read json /mnt/documents/Documents/Repositories/Github/ghost-zakhov/node_modules/netjet/package.json
48 verbose read json /mnt/documents/Documents/Repositories/Github/ghost-zakhov/node_modules/node-uuid/package.json
49 verbose read json /mnt/documents/Documents/Repositories/Github/ghost-zakhov/node_modules/nodemailer/package.json
50 verbose read json /mnt/documents/Documents/Repositories/Github/ghost-zakhov/node_modules/nopt/package.json
51 verbose read json /mnt/documents/Documents/Repositories/Github/ghost-zakhov/node_modules/oauth2orize/package.json
52 verbose read json /mnt/documents/Documents/Repositories/Github/ghost-zakhov/node_modules/on-finished/package.json
53 verbose read json /mnt/documents/Documents/Repositories/Github/ghost-zakhov/node_modules/on-headers/package.json
54 verbose read json /mnt/documents/Documents/Repositories/Github/ghost-zakhov/node_modules/optimist/package.json
55 verbose read json /mnt/documents/Documents/Repositories/Github/ghost-zakhov/node_modules/passport/package.json
56 verbose read json /mnt/documents/Documents/Repositories/Github/ghost-zakhov/node_modules/passport-http-bearer/package.json
57 verbose read json /mnt/documents/Documents/Repositories/Github/ghost-zakhov/node_modules/passport-oauth2-client-password/package.json
58 verbose read json /mnt/documents/Documents/Repositories/Github/ghost-zakhov/node_modules/passport-strategy/package.json
59 verbose read json /mnt/documents/Documents/Repositories/Github/ghost-zakhov/node_modules/path-match/package.json
60 verbose read json /mnt/documents/Documents/Repositories/Github/ghost-zakhov/node_modules/pg/package.json
61 verbose read json /mnt/documents/Documents/Repositories/Github/ghost-zakhov/node_modules/pg-connection-string/package.json
62 verbose read json /mnt/documents/Documents/Repositories/Github/ghost-zakhov/node_modules/request/package.json
63 verbose read json /mnt/documents/Documents/Repositories/Github/ghost-zakhov/node_modules/rimraf/package.json
64 verbose read json /mnt/documents/Documents/Repositories/Github/ghost-zakhov/node_modules/rss/package.json
65 verbose read json /mnt/documents/Documents/Repositories/Github/ghost-zakhov/node_modules/semver/package.json
66 verbose read json /mnt/documents/Documents/Repositories/Github/ghost-zakhov/node_modules/showdown-ghost/package.json
67 verbose read json /mnt/documents/Documents/Repositories/Github/ghost-zakhov/node_modules/sqlite3/package.json
68 verbose read json /mnt/documents/Documents/Repositories/Github/ghost-zakhov/node_modules/tough-cookie/package.json
69 verbose read json /mnt/documents/Documents/Repositories/Github/ghost-zakhov/node_modules/type-is/package.json
70 verbose read json /mnt/documents/Documents/Repositories/Github/ghost-zakhov/node_modules/unidecode/package.json
71 verbose read json /mnt/documents/Documents/Repositories/Github/ghost-zakhov/node_modules/unpipe/package.json
72 verbose read json /mnt/documents/Documents/Repositories/Github/ghost-zakhov/node_modules/utils-merge/package.json
73 verbose read json /mnt/documents/Documents/Repositories/Github/ghost-zakhov/node_modules/validator/package.json
74 verbose read json /mnt/documents/Documents/Repositories/Github/ghost-zakhov/node_modules/xml/package.json
75 verbose read json /mnt/documents/Documents/Repositories/Github/ghost-zakhov/node_modules/xtend/package.json
76 verbose from cache /mnt/documents/Documents/Repositories/Github/ghost-zakhov/package.json
77 info shrinkwrap file "/mnt/documents/Documents/Repositories/Github/ghost-zakhov/npm-shrinkwrap.json"
78 verbose readDependencies returned deps { bcryptjs: 'https://registry.npmjs.org/bcryptjs/-/bcryptjs-2.3.0.tgz',
78 verbose readDependencies returned deps   bl: 'https://registry.npmjs.org/bl/-/bl-1.1.2.tgz',
78 verbose readDependencies returned deps   bluebird: 'https://registry.npmjs.org/bluebird/-/bluebird-3.3.5.tgz',
78 verbose readDependencies returned deps   'body-parser': 'https://registry.npmjs.org/body-parser/-/body-parser-1.15.1.tgz',
78 verbose readDependencies returned deps   bookshelf: 'https://registry.npmjs.org/bookshelf/-/bookshelf-0.9.4.tgz',
78 verbose readDependencies returned deps   chalk: 'https://registry.npmjs.org/chalk/-/chalk-1.1.3.tgz',
78 verbose readDependencies returned deps   cheerio: 'https://registry.npmjs.org/cheerio/-/cheerio-0.20.0.tgz',
78 verbose readDependencies returned deps   commander: 'https://registry.npmjs.org/commander/-/commander-2.9.0.tgz',
78 verbose readDependencies returned deps   compression: 'https://registry.npmjs.org/compression/-/compression-1.6.1.tgz',
78 verbose readDependencies returned deps   'concat-stream': 'https://registry.npmjs.org/concat-stream/-/concat-stream-1.5.0.tgz',
78 verbose readDependencies returned deps   'connect-slashes': 'https://registry.npmjs.org/connect-slashes/-/connect-slashes-1.3.1.tgz',
78 verbose readDependencies returned deps   'content-type': 'https://registry.npmjs.org/content-type/-/content-type-1.0.2.tgz',
78 verbose readDependencies returned deps   'cookie-session': 'https://registry.npmjs.org/cookie-session/-/cookie-session-1.2.0.tgz',
78 verbose readDependencies returned deps   cors: 'https://registry.npmjs.org/cors/-/cors-2.7.1.tgz',
78 verbose readDependencies returned deps   depd: 'https://registry.npmjs.org/depd/-/depd-1.1.0.tgz',
78 verbose readDependencies returned deps   'dom-serializer': 'https://registry.npmjs.org/dom-serializer/-/dom-serializer-0.1.0.tgz',
78 verbose readDependencies returned deps   domelementtype: 'https://registry.npmjs.org/domelementtype/-/domelementtype-1.1.3.tgz',
78 verbose readDependencies returned deps   domutils: 'https://registry.npmjs.org/domutils/-/domutils-1.5.1.tgz',
78 verbose readDependencies returned deps   downsize: 'https://registry.npmjs.org/downsize/-/downsize-0.0.8.tgz',
78 verbose readDependencies returned deps   express: 'https://registry.npmjs.org/express/-/express-4.13.4.tgz',
78 verbose readDependencies returned deps   'express-hbs': 'https://registry.npmjs.org/express-hbs/-/express-hbs-1.0.1.tgz',
78 verbose readDependencies returned deps   'extract-zip': 'https://registry.npmjs.org/extract-zip/-/extract-zip-1.5.0.tgz',
78 verbose readDependencies returned deps   'fs-extra': 'https://registry.npmjs.org/fs-extra/-/fs-extra-0.30.0.tgz',
78 verbose readDependencies returned deps   'ghost-gql': 'https://registry.npmjs.org/ghost-gql/-/ghost-gql-0.0.4.tgz',
78 verbose readDependencies returned deps   glob: 'https://registry.npmjs.org/glob/-/glob-5.0.15.tgz',
78 verbose readDependencies returned deps   'graceful-fs': 'https://registry.npmjs.org/graceful-fs/-/graceful-fs-4.1.4.tgz',
78 verbose readDependencies returned deps   'html-to-text': 'https://registry.npmjs.org/html-to-text/-/html-to-text-2.1.0.tgz',
78 verbose readDependencies returned deps   htmlparser2: 'https://registry.npmjs.org/htmlparser2/-/htmlparser2-3.8.3.tgz',
78 verbose readDependencies returned deps   'iconv-lite': 'https://registry.npmjs.org/iconv-lite/-/iconv-lite-0.4.13.tgz',
78 verbose readDependencies returned deps   inherits: 'https://registry.npmjs.org/inherits/-/inherits-2.0.1.tgz',
78 verbose readDependencies returned deps   ini: 'https://registry.npmjs.org/ini/-/ini-1.3.4.tgz',
78 verbose readDependencies returned deps   intl: 'https://registry.npmjs.org/intl/-/intl-1.1.0.tgz',
78 verbose readDependencies returned deps   'intl-messageformat': 'https://registry.npmjs.org/intl-messageformat/-/intl-messageformat-1.3.0.tgz',
78 verbose readDependencies returned deps   jsonpath: 'https://registry.npmjs.org/jsonpath/-/jsonpath-0.2.2.tgz',
78 verbose readDependencies returned deps   knex: 'https://registry.npmjs.org/knex/-/knex-0.10.0.tgz',
78 verbose readDependencies returned deps   lodash: 'https://registry.npmjs.org/lodash/-/lodash-3.10.1.tgz',
78 verbose readDependencies returned deps   'lodash.tostring': 'https://registry.npmjs.org/lodash.tostring/-/lodash.tostring-4.1.2.tgz',
78 verbose readDependencies returned deps   'mime-types': 'https://registry.npmjs.org/mime-types/-/mime-types-2.1.11.tgz',
78 verbose readDependencies returned deps   moment: 'https://registry.npmjs.org/moment/-/moment-2.13.0.tgz',
78 verbose readDependencies returned deps   morgan: 'https://registry.npmjs.org/morgan/-/morgan-1.7.0.tgz',
78 verbose readDependencies returned deps   multer: 'https://registry.npmjs.org/multer/-/multer-1.1.0.tgz',
78 verbose readDependencies returned deps   mysql: 'https://registry.npmjs.org/mysql/-/mysql-2.1.1.tgz',
78 verbose readDependencies returned deps   netjet: 'https://registry.npmjs.org/netjet/-/netjet-1.1.0.tgz',
78 verbose readDependencies returned deps   'node-uuid': 'https://registry.npmjs.org/node-uuid/-/node-uuid-1.4.7.tgz',
78 verbose readDependencies returned deps   nodemailer: 'https://registry.npmjs.org/nodemailer/-/nodemailer-0.7.1.tgz',
78 verbose readDependencies returned deps   nopt: 'https://registry.npmjs.org/nopt/-/nopt-3.0.6.tgz',
78 verbose readDependencies returned deps   oauth2orize: 'https://registry.npmjs.org/oauth2orize/-/oauth2orize-1.2.2.tgz',
78 verbose readDependencies returned deps   'on-finished': 'https://registry.npmjs.org/on-finished/-/on-finished-2.3.0.tgz',
78 verbose readDependencies returned deps   'on-headers': 'https://registry.npmjs.org/on-headers/-/on-headers-1.0.1.tgz',
78 verbose readDependencies returned deps   optimist: 'https://registry.npmjs.org/optimist/-/optimist-0.6.1.tgz',
78 verbose readDependencies returned deps   passport: 'https://registry.npmjs.org/passport/-/passport-0.3.2.tgz',
78 verbose readDependencies returned deps   'passport-http-bearer': 'https://registry.npmjs.org/passport-http-bearer/-/passport-http-bearer-1.0.1.tgz',
78 verbose readDependencies returned deps   'passport-oauth2-client-password': 'https://registry.npmjs.org/passport-oauth2-client-password/-/passport-oauth2-client-password-0.1.2.tgz',
78 verbose readDependencies returned deps   'passport-strategy': 'https://registry.npmjs.org/passport-strategy/-/passport-strategy-1.0.0.tgz',
78 verbose readDependencies returned deps   'path-match': 'https://registry.npmjs.org/path-match/-/path-match-1.2.4.tgz',
78 verbose readDependencies returned deps   pg: 'https://registry.npmjs.org/pg/-/pg-4.1.1.tgz',
78 verbose readDependencies returned deps   'pg-connection-string': 'https://registry.npmjs.org/pg-connection-string/-/pg-connection-string-0.1.3.tgz',
78 verbose readDependencies returned deps   request: 'https://registry.npmjs.org/request/-/request-2.72.0.tgz',
78 verbose readDependencies returned deps   rimraf: 'https://registry.npmjs.org/rimraf/-/rimraf-2.5.2.tgz',
78 verbose readDependencies returned deps   rss: 'https://registry.npmjs.org/rss/-/rss-1.2.1.tgz',
78 verbose readDependencies returned deps   semver: 'https://registry.npmjs.org/semver/-/semver-5.1.0.tgz',
78 verbose readDependencies returned deps   'showdown-ghost': 'https://registry.npmjs.org/showdown-ghost/-/showdown-ghost-0.3.6.tgz',
78 verbose readDependencies returned deps   sqlite3: 'https://registry.npmjs.org/sqlite3/-/sqlite3-3.1.3.tgz',
78 verbose readDependencies returned deps   'tough-cookie': 'https://registry.npmjs.org/tough-cookie/-/tough-cookie-2.2.2.tgz',
78 verbose readDependencies returned deps   'type-is': 'https://registry.npmjs.org/type-is/-/type-is-1.6.12.tgz',
78 verbose readDependencies returned deps   unidecode: 'https://registry.npmjs.org/unidecode/-/unidecode-0.1.8.tgz',
78 verbose readDependencies returned deps   unpipe: 'https://registry.npmjs.org/unpipe/-/unpipe-1.0.0.tgz',
78 verbose readDependencies returned deps   'utils-merge': 'https://registry.npmjs.org/utils-merge/-/utils-merge-1.0.0.tgz',
78 verbose readDependencies returned deps   validator: 'https://registry.npmjs.org/validator/-/validator-5.2.0.tgz',
78 verbose readDependencies returned deps   xml: 'https://registry.npmjs.org/xml/-/xml-1.0.1.tgz',
78 verbose readDependencies returned deps   xtend: 'https://registry.npmjs.org/xtend/-/xtend-4.0.1.tgz' }
79 verbose cache add [ 'sqlite3@https://registry.npmjs.org/sqlite3/-/sqlite3-3.1.3.tgz',
79 verbose cache add   null ]
80 verbose cache add name=undefined spec="sqlite3@https://registry.npmjs.org/sqlite3/-/sqlite3-3.1.3.tgz" args=["sqlite3@https://registry.npmjs.org/sqlite3/-/sqlite3-3.1.3.tgz",null]
81 verbose parsed url { protocol: null,
81 verbose parsed url   slashes: null,
81 verbose parsed url   auth: null,
81 verbose parsed url   host: null,
81 verbose parsed url   port: null,
81 verbose parsed url   hostname: null,
81 verbose parsed url   hash: null,
81 verbose parsed url   search: null,
81 verbose parsed url   query: null,
81 verbose parsed url   pathname: 'sqlite3@https://registry.npmjs.org/sqlite3/-/sqlite3-3.1.3.tgz',
81 verbose parsed url   path: 'sqlite3@https://registry.npmjs.org/sqlite3/-/sqlite3-3.1.3.tgz',
81 verbose parsed url   href: 'sqlite3@https://registry.npmjs.org/sqlite3/-/sqlite3-3.1.3.tgz' }
82 verbose cache add name="sqlite3" spec="https://registry.npmjs.org/sqlite3/-/sqlite3-3.1.3.tgz" args=["sqlite3","https://registry.npmjs.org/sqlite3/-/sqlite3-3.1.3.tgz"]
83 verbose parsed url { protocol: 'https:',
83 verbose parsed url   slashes: true,
83 verbose parsed url   auth: null,
83 verbose parsed url   host: 'registry.npmjs.org',
83 verbose parsed url   port: null,
83 verbose parsed url   hostname: 'registry.npmjs.org',
83 verbose parsed url   hash: null,
83 verbose parsed url   search: null,
83 verbose parsed url   query: null,
83 verbose parsed url   pathname: '/sqlite3/-/sqlite3-3.1.3.tgz',
83 verbose parsed url   path: '/sqlite3/-/sqlite3-3.1.3.tgz',
83 verbose parsed url   href: 'https://registry.npmjs.org/sqlite3/-/sqlite3-3.1.3.tgz' }
84 silly lockFile 1bc1d7b4-js-org-sqlite3-sqlite3-3-1-3-tgz https://registry.npmjs.org/sqlite3/-/sqlite3-3.1.3.tgz
85 verbose lock https://registry.npmjs.org/sqlite3/-/sqlite3-3.1.3.tgz /home/zakhov/.npm/1bc1d7b4-js-org-sqlite3-sqlite3-3-1-3-tgz.lock
86 verbose addRemoteTarball [ 'https://registry.npmjs.org/sqlite3/-/sqlite3-3.1.3.tgz',
86 verbose addRemoteTarball   null ]
87 info retry fetch attempt 1 at 20:27:47
88 verbose fetch to= /home/zakhov/tmp/npm-28679/1697113667044-0.26881690905429423/tmp.tgz
89 http GET https://registry.npmjs.org/sqlite3/-/sqlite3-3.1.3.tgz
90 error fetch failed https://registry.npmjs.org/sqlite3/-/sqlite3-3.1.3.tgz
91 info retry will retry, error on last attempt: Error: CERT_UNTRUSTED
92 info retry fetch attempt 2 at 20:27:57
93 verbose fetch to= /home/zakhov/tmp/npm-28679/1697113667044-0.26881690905429423/tmp.tgz
94 http GET https://registry.npmjs.org/sqlite3/-/sqlite3-3.1.3.tgz
95 error fetch failed https://registry.npmjs.org/sqlite3/-/sqlite3-3.1.3.tgz
96 info retry will retry, error on last attempt: Error: CERT_UNTRUSTED
97 info retry fetch attempt 3 at 20:28:57
98 verbose fetch to= /home/zakhov/tmp/npm-28679/1697113667044-0.26881690905429423/tmp.tgz
99 http GET https://registry.npmjs.org/sqlite3/-/sqlite3-3.1.3.tgz
100 error fetch failed https://registry.npmjs.org/sqlite3/-/sqlite3-3.1.3.tgz
101 silly lockFile 1bc1d7b4-js-org-sqlite3-sqlite3-3-1-3-tgz https://registry.npmjs.org/sqlite3/-/sqlite3-3.1.3.tgz
102 silly lockFile 1bc1d7b4-js-org-sqlite3-sqlite3-3-1-3-tgz https://registry.npmjs.org/sqlite3/-/sqlite3-3.1.3.tgz
103 error Error: CERT_UNTRUSTED
103 error     at SecurePair.<anonymous> (tls.js:1271:32)
103 error     at SecurePair.EventEmitter.emit (events.js:92:17)
103 error     at SecurePair.maybeInitFinished (tls.js:883:10)
103 error     at CleartextStream.read [as _read] (tls.js:421:15)
103 error     at CleartextStream.Readable.read (_stream_readable.js:293:10)
103 error     at EncryptedStream.write [as _write] (tls.js:330:25)
103 error     at doWrite (_stream_writable.js:211:10)
103 error     at writeOrBuffer (_stream_writable.js:201:5)
103 error     at EncryptedStream.Writable.write (_stream_writable.js:172:11)
103 error     at write (_stream_readable.js:547:24)
104 error If you need help, you may report this log at:
104 error     <http://github.com/isaacs/npm/issues>
104 error or email it to:
104 error     <npm-@googlegroups.com>
105 error System Linux 6.5.4-76060504-generic
106 error command "/home/zakhov/.nvm/v0.10.0/bin/node" "/home/zakhov/.nvm/v0.10.0/bin/npm" "install" "sqlite3" "--save"
107 error cwd /mnt/documents/Documents/Repositories/Github/ghost-zakhov
108 error node -v v0.10.0
109 error npm -v 1.2.14
110 verbose exit [ 1, true ]
